<?xml version="1.0" encoding="UTF-8"?>
<!-- Generated by org.testng.reporters.JUnitReportReporter -->
<testsuite skipped="0" hostname="HYDDT0006-Mac.local" name="testNGSample1.NewTest" tests="1" failures="0" timestamp="2019-10-21T12:32:15 IST" time="2.724" errors="0">
  <testcase name="testEasy" time="2.724" classname="testNGSample1.NewTest"/>
</testsuite> <!-- testNGSample1.NewTest -->
