<?xml version="1.0" encoding="UTF-8"?>
<!-- Generated by org.testng.reporters.JUnitReportReporter -->
<testsuite skipped="0" hostname="HYDDT0007-iMac.local" name="com.test.restassured.DynamicJSON" tests="3" failures="0" timestamp="2019-12-27T15:41:15 IST" time="1.818" errors="0">
  <testcase name="addBook" time="0.092" classname="com.test.restassured.DynamicJSON"/>
  <testcase name="addBook" time="0.091" classname="com.test.restassured.DynamicJSON"/>
  <testcase name="addBook" time="1.635" classname="com.test.restassured.DynamicJSON"/>
</testsuite> <!-- com.test.restassured.DynamicJSON -->
