<?xml version="1.0" encoding="UTF-8"?>
<!-- Generated by org.testng.reporters.JUnitReportReporter -->
<testsuite skipped="0" hostname="HYDDT0007-iMac.local" name="com.test.restassured.POSTExample" tests="1" failures="0" timestamp="2019-12-27T13:25:22 IST" time="1.789" errors="0">
  <testcase name="createPlaceAPI" time="1.789" classname="com.test.restassured.POSTExample"/>
</testsuite> <!-- com.test.restassured.POSTExample -->
