<?xml version="1.0" encoding="UTF-8"?>
<!-- Generated by org.testng.reporters.JUnitReportReporter -->
<testsuite skipped="0" hostname="HYDDT0007-iMac.local" name="com.test.restassured.ExtractJSONExample" tests="1" failures="0" timestamp="2019-12-27T13:29:59 IST" time="2.745" errors="0">
  <testcase name="extractingNamesAPI" time="2.745" classname="com.test.restassured.ExtractJSONExample"/>
</testsuite> <!-- com.test.restassured.ExtractJSONExample -->
