<?xml version="1.0" encoding="UTF-8"?>
<!-- Generated by org.testng.reporters.JUnitReportReporter -->
<testsuite skipped="0" hostname="HYDDT0006-Mac.local" name="com.test.DemoB" tests="1" failures="0" timestamp="2019-10-16T15:01:14 IST" time="4.951" errors="0">
  <testcase name="run" time="4.951" classname="com.test.DemoB"/>
</testsuite> <!-- com.test.DemoB -->
