<?xml version="1.0" encoding="UTF-8"?>
<!-- Generated by org.testng.reporters.JUnitReportReporter -->
<testsuite skipped="0" hostname="HYDDT0006-Mac.local" name="testNGSample1.NewTest" tests="1" failures="0" timestamp="2019-10-22T14:26:45 IST" time="1.911" errors="0">
  <testcase name="testEasy" time="1.911" classname="testNGSample1.NewTest"/>
</testsuite> <!-- testNGSample1.NewTest -->
