<?xml version="1.0" encoding="UTF-8"?>
<!-- Generated by org.testng.reporters.JUnitReportReporter -->
<testsuite skipped="0" hostname="HYDDT0006-Mac.local" name="Testcases.Loginapplication" tests="1" failures="0" timestamp="2019-11-06T14:10:01 IST" time="41.112" errors="0">
  <testcase name="Login" time="41.112" classname="Testcases.Loginapplication"/>
</testsuite> <!-- Testcases.Loginapplication -->
